SF:lib\models\product.dart
DA:14,1
DA:27,1
DA:28,3
DA:29,7
DA:33,5
DA:36,3
DA:39,3
DA:43,0
DA:45,0
DA:51,0
DA:52,0
DA:58,0
DA:64,0
DA:65,0
DA:71,0
DA:77,0
DA:78,0
LF:17
LH:7
end_of_record
SF:lib\views\login_page.dart
DA:5,0
DA:7,0
DA:8,0
DA:22,0
DA:24,0
DA:25,0
DA:26,0
DA:30,0
DA:31,0
DA:32,0
DA:36,0
DA:37,0
DA:38,0
DA:39,0
DA:43,0
DA:54,0
DA:56,0
DA:57,0
DA:59,0
DA:61,0
DA:62,0
DA:63,0
DA:64,0
DA:69,0
DA:71,0
DA:73,0
DA:74,0
DA:75,0
DA:76,0
DA:83,0
DA:86,0
DA:100,0
DA:102,0
DA:112,0
DA:113,0
DA:114,0
DA:116,0
DA:118,0
DA:119,0
DA:120,0
DA:121,0
DA:123,0
DA:124,0
DA:125,0
DA:127,0
DA:128,0
DA:145,0
DA:147,0
DA:157,0
DA:158,0
DA:160,0
DA:161,0
DA:163,0
DA:165,0
DA:166,0
DA:167,0
DA:168,0
DA:170,0
DA:171,0
DA:172,0
DA:174,0
DA:175,0
DA:186,0
DA:187,0
DA:188,0
DA:191,0
DA:193,0
DA:194,0
DA:195,0
DA:198,0
DA:209,0
DA:210,0
DA:211,0
DA:213,0
DA:215,0
DA:216,0
DA:219,0
DA:241,0
DA:243,0
DA:245,0
DA:247,0
DA:248,0
DA:250,0
DA:270,0
DA:271,0
DA:273,0
LF:86
LH:0
end_of_record
SF:lib\widgets\app_scaffold.dart
DA:8,1
DA:20,1
DA:22,1
DA:23,1
DA:24,1
DA:26,2
DA:29,1
DA:30,1
DA:31,1
DA:32,1
DA:33,1
DA:36,1
DA:37,0
DA:38,0
DA:50,0
DA:53,0
DA:57,0
DA:58,0
LF:18
LH:12
end_of_record
SF:lib\widgets\app_footer.dart
DA:4,1
DA:27,1
DA:29,1
DA:30,2
DA:33,1
DA:35,1
DA:36,1
DA:37,3
DA:39,1
DA:41,3
DA:45,1
DA:53,1
DA:55,3
DA:59,1
DA:60,1
DA:62,1
DA:65,1
DA:66,1
DA:69,1
DA:70,1
DA:77,1
DA:80,1
DA:81,1
DA:82,1
DA:83,1
DA:84,2
DA:94,1
DA:95,1
DA:96,1
DA:98,1
DA:100,3
DA:107,1
DA:108,1
DA:109,1
DA:111,1
DA:112,1
DA:113,2
DA:114,1
DA:125,1
DA:137,1
DA:139,1
DA:140,1
DA:142,1
DA:143,1
DA:145,1
DA:146,1
DA:147,1
DA:155,2
DA:156,1
DA:161,1
DA:163,1
DA:164,5
DA:165,1
DA:166,1
LF:54
LH:54
end_of_record
SF:lib\widgets\app_header.dart
DA:8,1
DA:14,0
DA:15,0
DA:29,1
DA:57,1
DA:58,1
DA:80,1
DA:82,1
DA:83,1
DA:86,1
DA:87,1
DA:88,1
DA:89,1
DA:90,1
DA:93,0
DA:94,0
DA:95,0
DA:96,0
DA:97,0
DA:98,0
DA:99,0
DA:101,0
DA:104,0
DA:105,0
DA:106,0
DA:107,0
DA:109,0
DA:116,0
DA:117,0
DA:120,0
DA:121,0
DA:122,0
DA:123,0
DA:124,0
DA:125,0
DA:126,0
DA:128,0
DA:131,0
DA:132,0
DA:133,0
DA:134,0
DA:137,0
DA:144,0
DA:145,0
DA:149,1
DA:150,1
DA:151,1
DA:152,2
DA:155,0
DA:156,0
DA:157,0
DA:158,0
DA:161,0
DA:162,0
DA:163,0
DA:164,0
DA:167,0
DA:168,0
DA:169,0
DA:170,0
DA:173,0
DA:174,0
DA:175,0
DA:179,0
DA:180,0
DA:181,0
DA:187,0
DA:192,0
DA:194,0
DA:197,0
DA:198,0
DA:200,0
DA:202,0
DA:203,0
DA:210,0
DA:211,0
DA:212,0
DA:213,0
DA:214,0
DA:216,0
DA:217,0
DA:218,0
DA:219,0
DA:220,0
DA:221,0
DA:224,0
DA:225,0
DA:230,0
DA:231,0
DA:232,0
DA:233,0
DA:234,0
DA:236,0
DA:237,0
DA:238,0
DA:239,0
DA:240,0
DA:241,0
DA:244,0
DA:245,0
DA:250,1
DA:251,2
DA:252,0
DA:253,0
DA:254,0
DA:256,0
DA:261,0
DA:262,0
DA:263,0
DA:264,0
DA:270,0
DA:271,0
DA:272,0
DA:273,0
DA:274,0
DA:280,1
DA:281,2
DA:282,0
DA:283,0
DA:284,0
DA:285,0
DA:291,0
DA:292,0
DA:294,0
DA:295,0
DA:296,0
DA:299,1
DA:301,3
DA:302,1
DA:304,1
DA:306,1
DA:308,1
DA:310,1
DA:312,1
DA:314,1
DA:316,1
DA:327,1
DA:330,1
DA:331,1
DA:334,1
DA:335,2
DA:336,1
DA:337,1
DA:338,1
DA:341,1
DA:343,1
DA:372,1
DA:373,1
DA:375,0
DA:376,3
DA:379,1
DA:380,1
DA:381,1
DA:383,1
DA:384,3
DA:388,1
DA:389,1
DA:390,1
DA:392,1
DA:393,3
DA:396,1
DA:398,0
DA:399,3
DA:401,1
DA:403,0
DA:404,3
DA:408,1
DA:411,1
DA:413,1
DA:416,1
DA:417,0
DA:418,0
DA:420,0
DA:421,0
DA:424,1
DA:425,1
DA:427,1
DA:428,0
DA:434,0
DA:436,0
DA:440,1
DA:442,1
DA:447,1
DA:448,1
DA:449,1
DA:451,1
DA:454,1
DA:463,1
DA:464,0
DA:466,0
DA:468,0
DA:469,0
DA:472,0
DA:475,0
DA:476,0
DA:477,0
DA:479,0
DA:484,0
DA:489,0
DA:490,0
DA:491,0
DA:502,0
DA:503,0
DA:505,0
DA:507,0
DA:508,0
DA:510,0
DA:511,0
DA:513,0
DA:515,0
DA:516,0
DA:518,0
DA:520,0
DA:521,0
DA:523,0
DA:525,0
DA:526,0
DA:528,0
DA:530,0
DA:531,0
DA:539,0
DA:541,0
DA:545,0
DA:547,0
DA:549,0
DA:551,0
DA:553,0
DA:554,0
DA:555,0
DA:558,0
DA:559,0
DA:560,0
DA:561,0
DA:564,0
DA:565,0
DA:572,0
DA:585,0
DA:586,0
DA:588,0
DA:597,0
DA:601,0
DA:602,0
DA:603,0
DA:604,0
DA:606,0
DA:609,0
DA:610,0
DA:611,0
DA:614,0
DA:615,0
DA:616,0
DA:627,1
DA:628,1
DA:630,1
DA:632,1
DA:636,1
DA:638,1
DA:648,0
DA:649,0
DA:651,0
DA:654,0
DA:655,0
DA:656,0
DA:659,0
DA:661,0
DA:672,0
DA:675,0
DA:677,0
DA:683,0
DA:684,0
DA:685,0
DA:691,0
DA:693,0
DA:694,0
DA:695,0
DA:696,0
DA:698,0
DA:700,0
DA:703,0
DA:709,0
DA:714,0
DA:715,0
DA:716,0
DA:717,0
DA:718,0
DA:720,0
DA:721,0
DA:724,0
DA:726,0
DA:729,0
DA:730,0
DA:733,0
DA:734,0
DA:735,0
DA:737,0
LF:295
LH:78
end_of_record
SF:lib\models\sale_product.dart
DA:10,1
DA:21,0
DA:22,0
DA:23,0
DA:28,3
DA:30,1
DA:37,2
DA:39,1
DA:46,2
DA:48,1
DA:55,2
DA:57,1
DA:64,2
DA:66,1
DA:73,2
DA:77,1
DA:84,2
DA:86,1
DA:93,2
DA:95,1
DA:102,2
DA:104,1
DA:111,2
DA:113,1
DA:120,2
DA:124,1
DA:131,2
DA:133,1
DA:140,2
DA:142,1
DA:149,2
DA:151,1
DA:158,2
DA:160,1
DA:167,2
LF:35
LH:32
end_of_record
SF:lib\views\shop_category_page.dart
DA:18,0
DA:28,1
DA:29,1
DA:48,1
DA:50,1
DA:53,3
DA:54,0
DA:55,1
DA:56,2
DA:59,1
DA:60,1
DA:63,1
DA:65,2
DA:66,1
DA:70,1
DA:72,3
DA:76,1
DA:77,2
DA:79,2
DA:80,3
DA:82,2
DA:83,5
DA:84,1
DA:88,1
DA:91,1
DA:96,1
DA:97,2
DA:98,1
DA:99,1
DA:102,1
DA:105,1
DA:106,6
DA:108,0
DA:109,0
DA:111,0
DA:112,0
DA:114,0
DA:115,0
DA:117,0
DA:118,0
DA:119,0
DA:121,0
DA:122,0
DA:123,0
DA:128,4
DA:129,2
DA:130,0
DA:134,1
DA:139,1
DA:140,3
DA:142,1
DA:143,4
DA:145,5
DA:146,2
DA:150,0
DA:151,0
DA:153,0
DA:154,0
DA:155,0
DA:159,0
DA:166,4
DA:168,5
DA:169,1
DA:170,3
DA:171,1
DA:174,1
DA:177,3
DA:182,1
DA:184,1
DA:187,1
DA:195,1
DA:196,1
DA:197,1
DA:198,1
DA:199,1
DA:201,1
DA:202,1
DA:203,1
DA:208,1
DA:213,3
DA:214,1
DA:219,1
DA:222,3
DA:224,1
DA:228,1
DA:237,1
DA:238,1
DA:239,1
DA:241,1
DA:242,1
DA:254,1
DA:255,2
DA:256,0
DA:259,1
DA:262,1
DA:268,2
DA:269,1
DA:270,2
DA:271,1
DA:273,0
DA:275,0
DA:276,0
DA:277,0
DA:278,0
DA:279,0
DA:280,0
DA:281,0
DA:282,0
DA:284,0
DA:287,0
DA:299,0
DA:300,0
DA:301,0
DA:303,0
DA:307,0
DA:308,0
DA:309,0
DA:311,0
DA:315,1
DA:316,2
DA:318,2
DA:319,2
DA:323,1
DA:325,1
DA:327,1
DA:328,1
DA:329,1
DA:331,1
DA:334,1
DA:338,1
DA:339,1
DA:340,1
DA:342,0
DA:343,0
DA:344,0
DA:345,0
DA:355,1
DA:356,1
DA:357,1
DA:359,1
DA:362,1
DA:366,1
DA:367,1
DA:368,1
DA:370,0
DA:371,0
DA:372,0
DA:373,0
DA:383,3
DA:388,1
DA:390,1
DA:392,1
DA:394,1
DA:395,1
DA:397,1
DA:398,1
DA:399,1
DA:401,1
DA:404,1
DA:408,1
DA:409,1
DA:411,1
DA:412,2
DA:413,1
DA:414,1
DA:423,1
DA:424,1
DA:425,1
DA:427,1
DA:430,1
DA:434,1
DA:435,1
DA:437,1
DA:438,2
DA:439,1
DA:440,1
DA:449,3
DA:459,0
DA:460,0
DA:461,0
DA:463,0
DA:464,0
DA:465,0
DA:468,0
DA:471,0
DA:472,0
DA:475,0
DA:478,0
DA:482,0
DA:483,0
DA:486,0
DA:488,0
DA:491,0
DA:492,0
DA:494,0
DA:495,0
DA:496,0
DA:497,0
DA:498,0
DA:499,0
DA:502,0
DA:522,1
DA:523,1
DA:525,1
DA:527,1
DA:529,2
DA:538,3
DA:539,1
DA:545,1
DA:546,3
DA:547,1
DA:549,1
DA:557,1
DA:558,3
DA:559,0
DA:569,3
DA:571,0
DA:572,1
LF:218
LH:143
end_of_record
SF:lib\widgets\category_filter_dropdown.dart
DA:11,1
DA:19,1
DA:21,1
DA:22,1
DA:24,1
DA:25,2
DA:26,1
DA:28,1
DA:29,1
DA:30,1
DA:33,1
DA:35,1
DA:39,3
DA:40,1
DA:42,1
DA:44,1
DA:45,1
DA:46,2
DA:47,2
LF:19
LH:19
end_of_record
SF:lib\widgets\sort_dropdown.dart
DA:11,1
DA:19,1
DA:21,1
DA:22,1
DA:24,1
DA:25,2
DA:26,1
DA:28,1
DA:29,1
DA:30,1
DA:33,1
DA:35,1
DA:39,3
DA:40,1
DA:42,1
DA:44,1
DA:45,1
DA:46,2
DA:47,2
LF:19
LH:19
end_of_record
SF:lib\widgets\product_count_display.dart
DA:8,1
DA:13,1
DA:15,2
DA:16,1
DA:17,2
DA:18,1
DA:21,1
LF:7
LH:7
end_of_record
SF:lib\widgets\sale_product_card.dart
DA:10,1
DA:16,1
DA:17,1
DA:23,1
DA:25,1
DA:26,0
DA:27,0
DA:28,1
DA:29,2
DA:30,1
DA:31,1
DA:33,1
DA:34,1
DA:36,1
DA:37,1
DA:38,1
DA:39,2
DA:40,1
DA:45,1
DA:47,1
DA:49,1
DA:50,1
DA:54,1
DA:56,1
DA:57,1
DA:58,3
DA:60,0
DA:61,0
DA:62,0
DA:63,0
DA:64,0
DA:66,0
DA:78,1
DA:80,1
DA:82,1
DA:84,1
DA:85,3
DA:99,1
DA:100,1
DA:102,1
DA:103,5
DA:104,1
DA:106,1
DA:108,1
DA:115,1
DA:116,5
LF:46
LH:38
end_of_record
