SF:lib\models\product.dart
DA:14,8
DA:27,1
DA:28,3
DA:29,7
DA:33,40
DA:36,12
DA:39,12
DA:43,3
DA:45,1
DA:51,1
DA:52,1
DA:58,1
DA:64,1
DA:65,1
DA:71,1
DA:77,1
DA:78,1
LF:17
LH:17
end_of_record
SF:lib\models\cart_item.dart
DA:26,3
DA:38,0
DA:42,0
DA:46,0
DA:51,0
DA:52,0
DA:53,0
DA:54,0
DA:55,0
DA:60,0
DA:69,0
DA:70,0
DA:71,0
DA:72,0
DA:73,0
DA:74,0
DA:75,0
DA:76,0
DA:80,0
DA:82,0
DA:85,0
DA:88,0
DA:91,0
DA:92,0
LF:24
LH:1
end_of_record
SF:lib\models\sale_product.dart
DA:10,0
DA:21,0
DA:22,0
DA:23,0
DA:28,0
DA:30,0
DA:37,0
DA:39,0
DA:46,0
DA:48,0
DA:55,0
DA:57,0
DA:64,0
DA:66,0
DA:73,0
DA:77,0
DA:84,0
DA:86,0
DA:93,0
DA:95,0
DA:102,0
DA:104,0
DA:111,0
DA:113,0
DA:120,0
DA:124,0
DA:131,0
DA:133,0
DA:140,0
DA:142,0
DA:149,0
DA:151,0
DA:158,0
DA:160,0
DA:167,0
LF:35
LH:0
end_of_record
SF:lib\providers\cart_provider.dart
DA:13,3
DA:14,3
DA:18,3
DA:19,6
DA:20,3
DA:29,3
DA:37,3
DA:49,0
DA:54,3
DA:55,15
DA:61,0
DA:62,0
DA:67,0
DA:68,0
DA:73,0
DA:78,0
DA:79,0
DA:84,0
DA:85,0
DA:90,0
DA:91,0
DA:96,0
DA:99,0
DA:102,0
DA:104,0
DA:113,0
DA:115,0
DA:116,0
DA:120,0
DA:121,0
DA:122,0
DA:123,0
DA:124,0
DA:126,0
DA:133,0
DA:134,0
DA:135,0
DA:136,0
DA:137,0
DA:138,0
DA:139,0
DA:141,0
DA:147,0
DA:149,0
DA:152,0
DA:155,0
DA:156,0
DA:157,0
DA:163,0
DA:164,0
DA:165,0
DA:166,0
DA:170,0
DA:171,0
DA:172,0
DA:173,0
LF:56
LH:9
end_of_record
SF:lib\providers\products_provider.dart
DA:25,0
DA:26,0
DA:27,0
DA:32,0
DA:33,0
DA:34,0
DA:35,0
DA:38,0
DA:39,0
DA:41,0
DA:42,0
DA:43,0
DA:45,0
DA:46,0
DA:54,0
DA:55,0
DA:56,0
DA:59,0
DA:60,0
DA:65,0
DA:72,0
DA:73,0
DA:74,0
DA:77,0
DA:78,0
DA:79,0
DA:80,0
DA:81,0
DA:82,0
DA:88,0
DA:89,0
DA:90,0
DA:91,0
DA:98,0
DA:100,0
DA:102,0
DA:110,0
DA:111,0
DA:112,0
LF:39
LH:0
end_of_record
SF:lib\services\firebase_service.dart
DA:27,0
DA:30,0
DA:32,0
DA:34,0
DA:36,0
DA:37,0
DA:39,0
DA:43,0
DA:46,0
DA:55,0
DA:57,0
DA:58,0
DA:59,0
DA:60,0
DA:62,0
DA:64,0
DA:66,0
DA:67,0
DA:69,0
DA:73,0
DA:76,0
DA:85,0
DA:88,0
DA:90,0
DA:91,0
DA:95,0
DA:96,0
DA:99,0
DA:109,0
DA:111,0
DA:112,0
DA:115,0
DA:125,0
DA:127,0
DA:130,0
DA:132,0
DA:135,0
DA:138,0
DA:139,0
DA:142,0
DA:151,0
DA:152,0
DA:154,0
DA:155,0
DA:156,0
DA:157,0
DA:158,0
DA:159,0
DA:161,0
DA:162,0
DA:163,0
DA:164,0
DA:165,0
DA:173,0
DA:175,0
DA:176,0
DA:177,0
DA:178,0
DA:179,0
DA:180,0
DA:181,0
DA:182,0
DA:183,0
DA:186,0
DA:187,0
DA:189,0
DA:197,0
DA:199,0
DA:200,0
DA:202,0
DA:211,0
DA:212,0
DA:213,0
DA:214,0
DA:216,0
DA:218,0
DA:221,0
DA:229,0
DA:232,0
DA:233,0
DA:236,0
LF:81
LH:0
end_of_record
SF:lib\views\shop_category_page.dart
DA:20,0
DA:30,1
DA:31,1
DA:50,1
DA:52,1
DA:55,3
DA:56,0
DA:57,1
DA:58,2
DA:61,1
DA:62,0
DA:65,0
DA:67,0
DA:68,0
DA:72,1
DA:75,2
DA:78,0
DA:79,0
DA:80,0
DA:81,0
DA:82,0
DA:83,0
DA:84,0
DA:85,0
DA:86,0
DA:88,0
DA:90,0
DA:94,0
DA:96,0
DA:97,0
DA:98,0
DA:99,0
DA:100,0
DA:101,0
DA:102,0
DA:107,0
DA:108,0
DA:110,0
DA:111,0
DA:113,0
DA:114,0
DA:115,0
DA:119,0
DA:122,0
DA:127,0
DA:128,0
DA:129,0
DA:130,0
DA:133,0
DA:136,0
DA:137,0
DA:139,0
DA:140,0
DA:142,0
DA:143,0
DA:145,0
DA:146,0
DA:148,0
DA:149,0
DA:150,0
DA:152,0
DA:153,0
DA:154,0
DA:159,0
DA:160,0
DA:161,0
DA:165,0
DA:170,0
DA:171,0
DA:173,0
DA:174,0
DA:176,0
DA:177,0
DA:181,0
DA:182,0
DA:184,0
DA:185,0
DA:186,0
DA:190,0
DA:197,0
DA:199,0
DA:200,0
DA:201,0
DA:202,0
DA:205,0
DA:208,0
DA:213,0
DA:215,0
DA:218,0
DA:226,0
DA:227,0
DA:228,0
DA:229,0
DA:231,0
DA:232,0
DA:233,0
DA:237,0
DA:244,0
DA:245,0
DA:246,0
DA:248,0
DA:249,0
DA:252,0
DA:255,0
DA:261,0
DA:262,0
DA:263,0
DA:265,0
DA:266,0
DA:267,0
DA:272,0
DA:277,0
DA:278,0
DA:283,0
DA:286,0
DA:288,0
DA:292,0
DA:303,0
DA:304,0
DA:305,0
DA:307,0
DA:308,0
DA:320,0
DA:321,0
DA:322,0
DA:325,0
DA:328,0
DA:334,0
DA:335,0
DA:336,0
DA:337,0
DA:339,0
DA:341,0
DA:342,0
DA:343,0
DA:344,0
DA:345,0
DA:346,0
DA:347,0
DA:348,0
DA:350,0
DA:353,0
DA:365,0
DA:366,0
DA:367,0
DA:369,0
DA:373,0
DA:374,0
DA:375,0
DA:377,0
DA:381,0
DA:382,0
DA:384,0
DA:385,0
DA:389,0
DA:391,0
DA:393,0
DA:394,0
DA:395,0
DA:397,0
DA:400,0
DA:404,0
DA:405,0
DA:406,0
DA:408,0
DA:409,0
DA:410,0
DA:411,0
DA:421,0
DA:422,0
DA:423,0
DA:425,0
DA:428,0
DA:432,0
DA:433,0
DA:434,0
DA:436,0
DA:437,0
DA:438,0
DA:439,0
DA:449,0
DA:454,0
DA:456,0
DA:458,0
DA:460,0
DA:461,0
DA:463,0
DA:464,0
DA:465,0
DA:467,0
DA:470,0
DA:474,0
DA:475,0
DA:477,0
DA:478,0
DA:479,0
DA:480,0
DA:489,0
DA:490,0
DA:491,0
DA:493,0
DA:496,0
DA:500,0
DA:501,0
DA:503,0
DA:504,0
DA:505,0
DA:506,0
DA:515,0
DA:525,0
DA:526,0
DA:527,0
DA:529,0
DA:530,0
DA:531,0
DA:534,0
DA:537,0
DA:538,0
DA:541,0
DA:544,0
DA:548,0
DA:549,0
DA:552,0
DA:554,0
DA:557,0
DA:558,0
DA:560,0
DA:561,0
DA:562,0
DA:563,0
DA:564,0
DA:565,0
DA:568,0
DA:588,0
DA:589,0
DA:591,0
DA:593,0
DA:595,0
DA:604,0
DA:605,0
DA:611,0
DA:612,0
DA:613,0
DA:615,0
DA:623,0
DA:624,0
DA:625,0
DA:635,0
DA:637,0
DA:638,0
LF:250
LH:10
end_of_record
SF:lib\widgets\app_scaffold.dart
DA:8,7
DA:20,7
DA:22,7
DA:23,7
DA:24,7
DA:26,14
DA:29,7
DA:30,7
DA:31,7
DA:32,7
DA:33,7
DA:36,7
DA:37,2
DA:38,2
DA:50,1
DA:53,1
DA:57,1
DA:58,1
LF:18
LH:18
end_of_record
SF:lib\widgets\category_filter_dropdown.dart
DA:11,0
DA:19,0
DA:21,0
DA:22,0
DA:24,0
DA:25,0
DA:26,0
DA:28,0
DA:29,0
DA:30,0
DA:33,0
DA:35,0
DA:39,0
DA:40,0
DA:42,0
DA:44,0
DA:45,0
DA:46,0
DA:47,0
LF:19
LH:0
end_of_record
SF:lib\widgets\sort_dropdown.dart
DA:11,0
DA:19,0
DA:21,0
DA:22,0
DA:24,0
DA:25,0
DA:26,0
DA:28,0
DA:29,0
DA:30,0
DA:33,0
DA:35,0
DA:39,0
DA:40,0
DA:42,0
DA:44,0
DA:45,0
DA:46,0
DA:47,0
LF:19
LH:0
end_of_record
SF:lib\widgets\product_count_display.dart
DA:8,0
DA:13,0
DA:15,0
DA:16,0
DA:17,0
DA:18,0
DA:21,0
LF:7
LH:0
end_of_record
SF:lib\widgets\sale_product_card.dart
DA:10,0
DA:16,0
DA:17,0
DA:23,0
DA:25,0
DA:26,0
DA:27,0
DA:28,0
DA:29,0
DA:30,0
DA:31,0
DA:33,0
DA:34,0
DA:36,0
DA:37,0
DA:38,0
DA:39,0
DA:40,0
DA:45,0
DA:47,0
DA:49,0
DA:50,0
DA:54,0
DA:56,0
DA:57,0
DA:58,0
DA:60,0
DA:61,0
DA:62,0
DA:63,0
DA:64,0
DA:66,0
DA:78,0
DA:80,0
DA:82,0
DA:84,0
DA:85,0
DA:99,0
DA:100,0
DA:102,0
DA:103,0
DA:104,0
DA:106,0
DA:108,0
DA:115,0
DA:116,0
LF:46
LH:0
end_of_record
SF:lib\widgets\app_footer.dart
DA:4,8
DA:27,8
DA:29,8
DA:30,16
DA:33,8
DA:35,8
DA:36,8
DA:37,24
DA:39,8
DA:41,24
DA:45,8
DA:53,8
DA:55,24
DA:59,8
DA:60,8
DA:62,8
DA:65,8
DA:66,8
DA:69,8
DA:70,8
DA:77,8
DA:80,8
DA:81,8
DA:82,8
DA:83,8
DA:84,16
DA:94,8
DA:95,8
DA:96,8
DA:98,8
DA:100,24
DA:107,4
DA:108,4
DA:109,4
DA:111,4
DA:112,4
DA:113,8
DA:114,4
DA:125,8
DA:137,8
DA:139,8
DA:140,8
DA:142,8
DA:143,8
DA:145,8
DA:146,8
DA:147,8
DA:155,16
DA:156,8
DA:161,8
DA:163,8
DA:164,40
DA:165,8
DA:166,8
LF:54
LH:54
end_of_record
SF:lib\widgets\app_header.dart
DA:10,1
DA:16,0
DA:17,0
DA:31,7
DA:59,7
DA:60,7
DA:85,7
DA:87,7
DA:88,7
DA:91,7
DA:92,7
DA:93,7
DA:94,7
DA:95,7
DA:98,0
DA:99,0
DA:100,0
DA:101,0
DA:102,0
DA:103,0
DA:104,0
DA:106,0
DA:109,0
DA:110,0
DA:111,0
DA:112,0
DA:114,0
DA:121,0
DA:122,0
DA:125,0
DA:126,0
DA:127,0
DA:128,0
DA:129,0
DA:130,0
DA:131,0
DA:133,0
DA:136,0
DA:137,0
DA:138,0
DA:139,0
DA:142,0
DA:149,0
DA:150,0
DA:154,0
DA:155,0
DA:156,0
DA:157,0
DA:160,1
DA:161,1
DA:162,1
DA:163,1
DA:166,0
DA:167,0
DA:168,0
DA:169,0
DA:172,0
DA:173,0
DA:174,0
DA:175,0
DA:178,0
DA:179,0
DA:180,0
DA:184,0
DA:185,0
DA:186,0
DA:192,0
DA:197,0
DA:199,0
DA:202,0
DA:203,0
DA:205,0
DA:207,0
DA:208,0
DA:215,0
DA:216,0
DA:217,0
DA:218,0
DA:219,0
DA:221,0
DA:222,0
DA:223,0
DA:224,0
DA:225,0
DA:226,0
DA:229,0
DA:230,0
DA:235,0
DA:236,0
DA:237,0
DA:238,0
DA:239,0
DA:241,0
DA:242,0
DA:243,0
DA:244,0
DA:245,0
DA:246,0
DA:249,0
DA:250,0
DA:255,1
DA:256,2
DA:257,0
DA:258,0
DA:259,0
DA:261,0
DA:266,0
DA:267,0
DA:268,0
DA:269,0
DA:275,0
DA:276,0
DA:277,0
DA:278,0
DA:279,0
DA:285,1
DA:286,2
DA:287,0
DA:288,0
DA:289,0
DA:290,0
DA:296,0
DA:297,0
DA:299,0
DA:300,0
DA:301,0
DA:304,7
DA:307,7
DA:308,3
DA:310,9
DA:311,3
DA:313,3
DA:314,3
DA:316,3
DA:318,3
DA:320,3
DA:322,3
DA:333,3
DA:336,3
DA:337,3
DA:340,3
DA:341,0
DA:342,3
DA:343,3
DA:344,3
DA:347,3
DA:349,3
DA:378,3
DA:379,3
DA:381,0
DA:382,9
DA:385,3
DA:386,3
DA:387,3
DA:389,3
DA:390,9
DA:394,3
DA:395,3
DA:396,3
DA:398,3
DA:399,9
DA:402,3
DA:404,0
DA:405,9
DA:407,3
DA:409,2
DA:410,9
DA:414,3
DA:417,3
DA:419,3
DA:422,3
DA:423,0
DA:424,0
DA:426,0
DA:427,0
DA:430,3
DA:431,3
DA:433,3
DA:434,0
DA:440,0
DA:442,0
DA:447,3
DA:448,0
DA:449,0
DA:450,0
DA:451,0
DA:452,3
DA:453,3
DA:454,3
DA:455,3
DA:456,3
DA:458,3
DA:459,3
DA:478,0
DA:479,0
DA:487,3
DA:488,3
DA:489,3
DA:491,3
DA:494,3
DA:503,3
DA:504,0
DA:506,0
DA:508,0
DA:509,0
DA:512,0
DA:514,0
DA:515,0
DA:516,0
DA:518,0
DA:523,0
DA:528,0
DA:529,0
DA:530,0
DA:540,0
DA:541,0
DA:543,0
DA:545,0
DA:546,0
DA:548,0
DA:549,0
DA:551,0
DA:553,0
DA:554,0
DA:556,0
DA:558,0
DA:559,0
DA:561,0
DA:563,0
DA:564,0
DA:566,0
DA:568,0
DA:569,0
DA:577,0
DA:579,0
DA:583,0
DA:585,0
DA:587,0
DA:589,0
DA:591,0
DA:592,0
DA:593,0
DA:596,0
DA:597,0
DA:598,0
DA:599,0
DA:602,0
DA:603,0
DA:610,0
DA:623,0
DA:624,0
DA:626,0
DA:635,0
DA:639,0
DA:640,0
DA:641,0
DA:642,0
DA:644,0
DA:647,0
DA:648,0
DA:649,0
DA:652,0
DA:653,0
DA:654,0
DA:665,3
DA:666,3
DA:668,3
DA:670,3
DA:674,3
DA:675,3
DA:677,3
DA:688,0
DA:689,0
DA:691,0
DA:694,0
DA:695,0
DA:696,0
DA:699,0
DA:701,0
DA:712,0
DA:715,0
DA:717,0
DA:723,0
DA:724,0
DA:725,0
DA:731,0
DA:733,0
DA:734,0
DA:735,0
DA:736,0
DA:738,0
DA:740,0
DA:743,0
DA:749,0
DA:754,0
DA:755,0
DA:756,0
DA:757,0
DA:758,0
DA:760,0
DA:761,0
DA:764,0
DA:766,0
DA:769,0
DA:770,0
DA:773,0
DA:774,0
DA:775,0
DA:777,0
LF:309
LH:86
end_of_record
SF:lib\models\collection_item.dart
DA:18,1
DA:28,0
DA:30,0
DA:31,0
DA:33,0
DA:36,0
DA:37,0
DA:38,0
DA:39,0
DA:40,0
DA:41,0
DA:42,0
DA:44,0
DA:46,0
DA:47,0
DA:48,0
DA:49,0
DA:50,0
LF:18
LH:1
end_of_record
SF:lib\views\collections_page.dart
DA:78,1
DA:84,0
DA:86,0
DA:87,0
DA:92,0
DA:94,0
DA:95,0
DA:100,2
DA:102,4
DA:103,2
DA:105,2
DA:107,2
DA:109,2
DA:114,2
DA:120,4
DA:121,2
DA:122,4
DA:123,2
DA:124,6
DA:126,0
DA:142,2
DA:148,2
DA:149,2
DA:156,0
DA:157,0
DA:160,2
DA:162,2
DA:163,8
DA:166,2
DA:167,0
DA:168,0
DA:170,2
DA:171,2
DA:172,2
DA:173,0
DA:174,0
DA:175,2
DA:177,2
DA:178,2
DA:179,4
DA:180,0
DA:181,0
DA:182,0
DA:187,2
DA:188,2
DA:189,2
DA:195,2
DA:198,2
DA:199,2
DA:200,2
DA:202,2
DA:203,2
DA:204,2
DA:205,2
DA:207,2
DA:209,2
DA:210,6
DA:212,0
DA:213,0
DA:214,0
DA:215,0
DA:216,0
DA:219,0
DA:226,2
DA:227,2
DA:228,2
DA:231,2
DA:233,2
DA:240,2
DA:244,2
DA:245,6
DA:263,2
DA:264,0
DA:265,0
DA:266,0
DA:267,0
DA:268,0
DA:269,0
DA:272,0
LF:79
LH:50
end_of_record
SF:lib\constants\featured_products.dart
DA:10,12
DA:12,4
DA:32,4
DA:37,4
DA:38,4
DA:52,4
DA:58,4
DA:59,4
DA:74,4
DA:79,4
DA:80,4
LF:11
LH:11
end_of_record
SF:lib\main.dart
DA:23,0
DA:24,0
DA:26,0
DA:27,0
DA:30,0
DA:34,1
DA:36,3
DA:38,3
DA:39,3
DA:40,9
DA:41,3
DA:42,0
DA:45,3
DA:47,3
DA:55,3
DA:56,1
DA:57,1
DA:58,0
DA:61,1
DA:67,0
DA:89,0
DA:91,0
DA:93,0
DA:95,0
DA:97,0
DA:98,0
DA:102,0
DA:104,0
DA:108,0
DA:109,0
DA:113,1
DA:114,1
DA:117,0
DA:120,0
DA:128,1
DA:130,4
DA:131,4
DA:145,4
DA:147,4
DA:150,4
DA:182,8
DA:188,12
DA:189,4
DA:190,2
DA:191,4
DA:193,12
DA:196,4
DA:197,4
DA:203,8
DA:206,4
DA:209,8
DA:210,4
DA:214,1
DA:216,2
DA:217,2
DA:218,2
DA:223,0
DA:224,0
DA:225,0
DA:227,0
DA:231,1
DA:232,2
DA:233,6
DA:235,1
DA:239,1
DA:240,2
DA:241,1
DA:242,8
DA:244,1
DA:248,1
DA:249,2
DA:250,2
DA:251,1
DA:253,1
DA:254,2
DA:258,2
DA:264,0
DA:265,0
DA:266,0
DA:269,0
DA:273,0
DA:274,0
DA:275,0
DA:278,0
DA:279,0
DA:283,0
DA:287,4
DA:289,4
DA:291,4
DA:292,4
DA:294,4
DA:297,4
DA:299,4
DA:301,4
DA:302,4
DA:312,4
DA:315,4
DA:317,16
DA:322,8
DA:323,4
DA:324,4
DA:325,8
DA:339,4
DA:340,16
DA:341,4
DA:342,12
DA:344,4
DA:346,0
DA:347,0
DA:348,4
DA:351,4
DA:352,4
DA:354,4
DA:358,4
DA:360,4
DA:365,4
DA:369,4
DA:377,4
DA:378,4
DA:379,8
DA:382,4
DA:384,4
DA:386,4
DA:387,4
DA:389,0
DA:391,0
DA:392,0
DA:393,0
DA:394,0
DA:397,0
DA:406,3
DA:407,3
DA:408,3
DA:415,3
DA:416,3
DA:419,3
DA:421,3
DA:422,3
DA:441,3
DA:442,1
DA:444,2
DA:445,3
DA:447,3
DA:455,3
DA:456,3
DA:459,3
DA:461,3
DA:462,3
DA:463,3
DA:470,3
DA:471,3
DA:487,4
DA:488,4
DA:492,4
DA:493,4
DA:495,4
DA:496,4
DA:497,4
DA:503,4
DA:505,4
DA:507,4
DA:513,4
DA:520,4
DA:525,4
DA:531,4
DA:539,4
DA:541,4
DA:542,4
DA:544,4
DA:545,4
DA:546,4
DA:547,4
DA:548,4
DA:554,4
DA:555,4
DA:566,4
DA:567,4
DA:569,4
DA:570,8
DA:571,4
DA:572,8
DA:573,4
DA:574,0
DA:575,4
DA:581,4
DA:583,4
DA:598,5
DA:603,5
DA:605,10
DA:607,5
DA:608,2
DA:609,2
DA:612,2
DA:615,5
DA:617,5
DA:618,5
DA:619,5
DA:620,10
DA:622,1
DA:623,1
DA:624,1
DA:632,5
DA:634,5
DA:636,5
DA:637,10
DA:643,5
DA:645,5
DA:646,5
DA:647,5
DA:648,20
DA:656,5
DA:657,20
DA:666,5
DA:668,5
DA:669,20
LF:215
LH:172
end_of_record
SF:lib\firebase_options.dart
DA:7,0
DA:11,0
DA:12,0
DA:13,0
DA:14,0
DA:15,0
DA:16,0
DA:17,0
DA:22,0
LF:9
LH:0
end_of_record
SF:lib\models\carousel_slide.dart
DA:20,1
LF:1
LH:1
end_of_record
SF:lib\views\about_page.dart
DA:5,1
DA:7,1
DA:9,1
DA:11,1
DA:13,1
DA:14,1
DA:17,1
DA:19,1
DA:38,1
DA:40,1
DA:43,1
DA:51,1
DA:53,1
DA:56,1
DA:64,1
DA:66,1
DA:69,1
DA:77,1
DA:79,1
DA:82,1
DA:90,1
DA:92,1
DA:95,1
DA:103,1
DA:105,1
DA:108,1
LF:26
LH:26
end_of_record
SF:lib\views\product_page.dart
DA:7,1
DA:9,3
DA:10,3
DA:23,3
DA:25,3
DA:30,3
DA:32,3
DA:35,3
DA:38,6
DA:39,9
DA:40,6
DA:41,2
DA:43,3
DA:44,1
DA:48,0
DA:49,0
DA:55,3
DA:57,9
DA:61,3
DA:69,1
DA:70,2
DA:71,1
DA:76,1
DA:77,2
DA:78,1
DA:83,0
DA:84,0
DA:85,0
DA:86,0
DA:92,0
DA:93,0
DA:94,0
DA:95,0
DA:101,0
DA:102,0
DA:103,0
DA:104,0
DA:105,0
DA:111,0
DA:112,0
DA:113,0
DA:119,0
DA:123,0
DA:124,0
DA:125,0
DA:139,0
DA:140,0
DA:141,0
DA:142,0
DA:150,0
DA:151,0
DA:152,0
DA:153,0
DA:160,3
DA:162,3
DA:164,0
DA:177,9
DA:178,3
DA:182,3
DA:184,2
DA:190,3
DA:191,3
DA:193,3
DA:194,3
DA:195,3
DA:200,4
DA:209,6
DA:210,2
DA:220,2
DA:221,2
DA:223,2
DA:225,2
DA:227,2
DA:234,2
DA:236,2
DA:243,2
DA:244,2
DA:246,2
DA:248,2
DA:254,2
DA:260,3
DA:261,3
DA:263,3
DA:264,3
DA:265,3
DA:266,3
DA:267,3
DA:268,6
DA:270,1
DA:271,1
DA:272,1
DA:273,1
DA:274,1
DA:276,1
DA:289,3
DA:290,3
DA:292,3
DA:294,3
DA:295,3
DA:296,3
DA:297,3
DA:298,6
DA:314,3
DA:319,9
DA:321,9
DA:324,9
DA:326,9
DA:329,3
DA:331,3
DA:334,3
DA:336,3
DA:339,3
DA:345,3
DA:346,3
DA:347,3
DA:349,6
DA:350,2
DA:351,2
DA:353,2
DA:354,8
DA:355,2
DA:357,2
DA:359,2
DA:367,3
DA:368,3
DA:369,12
DA:383,3
DA:384,3
DA:386,3
DA:387,3
DA:389,3
DA:392,3
DA:396,3
DA:399,3
DA:400,6
DA:401,3
DA:403,3
DA:404,3
DA:405,3
DA:409,3
DA:411,3
DA:415,12
DA:416,3
DA:418,3
DA:420,3
DA:421,3
DA:430,3
DA:431,3
DA:433,3
DA:434,3
DA:436,3
DA:439,3
DA:443,3
DA:446,3
DA:447,6
DA:448,3
DA:450,3
DA:451,3
DA:452,3
DA:456,3
DA:458,3
DA:462,12
DA:463,3
DA:465,3
DA:467,3
DA:468,3
DA:477,3
DA:478,3
DA:480,3
DA:481,3
DA:483,3
DA:486,3
DA:490,3
DA:491,3
DA:493,3
DA:494,6
DA:497,3
DA:501,3
DA:502,3
DA:503,3
DA:504,6
DA:508,3
DA:509,3
DA:510,3
DA:511,3
DA:520,3
DA:521,12
DA:522,3
DA:526,3
DA:535,3
DA:536,3
DA:537,3
DA:539,3
DA:540,3
DA:541,4
DA:542,3
DA:544,3
DA:546,3
DA:548,3
DA:549,3
DA:565,3
DA:566,3
DA:567,4
DA:568,3
DA:569,3
DA:571,6
DA:574,6
DA:575,3
DA:577,3
DA:578,3
DA:595,3
DA:596,3
DA:598,3
DA:599,3
DA:601,3
DA:604,3
DA:608,3
DA:609,6
DA:610,3
DA:612,3
LF:220
LH:189
end_of_record
SF:lib\views\sale_page.dart
DA:10,1
DA:12,0
DA:13,0
DA:51,0
DA:53,0
DA:55,0
DA:56,0
DA:59,0
DA:61,0
DA:62,0
DA:66,0
DA:67,0
DA:69,0
DA:70,0
DA:72,0
DA:73,0
DA:74,0
DA:78,0
DA:81,0
DA:86,0
DA:87,0
DA:88,0
DA:89,0
DA:92,0
DA:95,0
DA:96,0
DA:98,0
DA:99,0
DA:101,0
DA:102,0
DA:104,0
DA:105,0
DA:107,0
DA:108,0
DA:109,0
DA:111,0
DA:112,0
DA:113,0
DA:118,0
DA:119,0
DA:120,0
DA:124,0
DA:129,0
DA:130,0
DA:132,0
DA:133,0
DA:135,0
DA:136,0
DA:140,0
DA:141,0
DA:143,0
DA:144,0
DA:145,0
DA:149,0
DA:156,0
DA:159,0
DA:164,0
DA:166,0
DA:169,0
DA:179,0
DA:181,0
DA:182,0
DA:183,0
DA:185,0
DA:186,0
DA:187,0
DA:192,0
DA:197,0
DA:202,0
DA:205,0
DA:207,0
DA:211,0
DA:220,0
DA:221,0
DA:222,0
DA:236,0
DA:239,0
DA:241,0
DA:248,0
DA:251,0
DA:253,0
DA:261,0
DA:262,0
DA:263,0
DA:266,0
DA:269,0
DA:275,0
DA:276,0
DA:277,0
DA:278,0
DA:280,0
DA:282,0
DA:283,0
DA:284,0
DA:285,0
DA:286,0
DA:287,0
DA:288,0
DA:289,0
DA:291,0
DA:294,0
DA:306,0
DA:307,0
DA:308,0
DA:310,0
DA:314,0
DA:315,0
DA:316,0
DA:318,0
DA:322,0
DA:325,0
DA:327,0
DA:329,0
DA:330,0
DA:331,0
DA:333,0
DA:336,0
DA:340,0
DA:341,0
DA:342,0
DA:344,0
DA:345,0
DA:346,0
DA:347,0
DA:357,0
DA:358,0
DA:359,0
DA:361,0
DA:364,0
DA:368,0
DA:369,0
DA:370,0
DA:372,0
DA:373,0
DA:374,0
DA:375,0
DA:385,0
DA:390,0
DA:392,0
DA:394,0
DA:395,0
DA:397,0
DA:398,0
DA:399,0
DA:401,0
DA:404,0
DA:408,0
DA:409,0
DA:411,0
DA:412,0
DA:413,0
DA:414,0
DA:423,0
DA:424,0
DA:425,0
DA:427,0
DA:430,0
DA:434,0
DA:435,0
DA:437,0
DA:438,0
DA:439,0
DA:440,0
DA:450,0
DA:457,0
DA:458,0
DA:459,0
DA:461,0
DA:462,0
DA:463,0
DA:466,0
DA:469,0
DA:470,0
DA:473,0
DA:476,0
DA:480,0
DA:481,0
DA:484,0
DA:486,0
DA:489,0
DA:491,0
DA:492,0
DA:493,0
DA:494,0
DA:495,0
DA:498,0
DA:518,0
DA:519,0
DA:521,0
DA:523,0
DA:525,0
DA:534,0
DA:535,0
DA:541,0
DA:542,0
DA:543,0
DA:545,0
DA:553,0
DA:554,0
DA:555,0
DA:565,0
DA:567,0
DA:568,0
DA:581,0
DA:587,0
DA:588,0
DA:594,0
DA:596,0
DA:597,0
DA:598,0
DA:599,0
DA:600,0
DA:601,0
DA:602,0
DA:604,0
DA:605,0
DA:607,0
DA:608,0
DA:609,0
DA:610,0
DA:611,0
DA:616,0
DA:618,0
DA:620,0
DA:621,0
DA:625,0
DA:627,0
DA:628,0
DA:629,0
DA:631,0
DA:632,0
DA:633,0
DA:634,0
DA:635,0
DA:637,0
DA:649,0
DA:651,0
DA:653,0
DA:655,0
DA:656,0
DA:670,0
DA:671,0
DA:673,0
DA:674,0
DA:675,0
DA:677,0
DA:679,0
DA:686,0
DA:687,0
LF:249
LH:1
end_of_record
SF:lib\views\print_shack_about_page.dart
DA:5,1
DA:7,0
DA:9,0
DA:11,0
DA:12,0
DA:14,0
DA:16,0
DA:26,0
DA:29,0
DA:30,0
DA:32,0
LF:11
LH:1
end_of_record
SF:lib\views\personalisation_page.dart
DA:5,1
DA:7,0
LF:2
LH:1
end_of_record
SF:lib\views\search_page.dart
DA:5,1
DA:7,1
DA:8,1
DA:15,1
DA:17,2
DA:18,1
DA:21,0
DA:22,0
DA:23,0
DA:28,1
DA:30,1
DA:32,1
DA:34,1
DA:36,1
DA:59,1
DA:61,1
DA:62,1
DA:63,1
DA:69,3
DA:70,0
DA:72,0
DA:73,0
DA:74,0
DA:75,0
DA:80,1
DA:81,1
DA:82,2
DA:84,1
DA:85,1
DA:94,0
DA:95,0
DA:97,0
DA:103,1
DA:104,1
DA:107,1
DA:120,2
DA:121,0
DA:122,0
DA:129,0
DA:131,0
DA:133,0
DA:136,1
DA:137,1
DA:139,1
DA:141,1
LF:45
LH:29
end_of_record
SF:lib\views\terms_and_conditions_page.dart
DA:5,1
DA:7,1
DA:9,1
DA:11,1
DA:13,1
DA:14,1
DA:16,1
DA:18,1
DA:31,1
DA:33,1
DA:35,1
DA:42,1
DA:49,1
DA:56,1
DA:63,1
DA:70,1
DA:77,1
DA:90,1
DA:91,1
DA:93,1
DA:95,1
DA:96,1
DA:105,1
DA:107,1
DA:110,1
LF:25
LH:25
end_of_record
SF:lib\views\login_page.dart
DA:5,1
DA:7,1
DA:8,1
DA:22,1
DA:24,2
DA:25,2
DA:26,1
DA:30,0
DA:31,0
DA:32,0
DA:36,0
DA:37,0
DA:38,0
DA:39,0
DA:43,0
DA:54,1
DA:56,3
DA:57,1
DA:59,1
DA:61,1
DA:62,1
DA:63,1
DA:64,1
DA:69,1
DA:71,1
DA:73,1
DA:74,1
DA:75,1
DA:76,1
DA:83,1
DA:86,1
DA:100,1
DA:102,1
DA:112,1
DA:113,1
DA:114,1
DA:116,2
DA:118,1
DA:119,1
DA:120,1
DA:121,2
DA:123,1
DA:124,1
DA:125,2
DA:127,1
DA:128,1
DA:145,1
DA:147,1
DA:157,1
DA:158,1
DA:160,1
DA:161,1
DA:163,2
DA:165,1
DA:166,1
DA:167,1
DA:168,2
DA:170,1
DA:171,1
DA:172,2
DA:174,1
DA:175,1
DA:186,1
DA:187,1
DA:188,1
DA:191,1
DA:193,0
DA:194,0
DA:195,0
DA:198,1
DA:209,1
DA:210,2
DA:211,1
DA:213,1
DA:215,1
DA:216,1
DA:219,1
DA:241,1
DA:243,1
DA:245,1
DA:247,1
DA:248,0
DA:250,0
DA:270,1
DA:271,0
DA:273,0
LF:86
LH:71
end_of_record
SF:lib\views\cart_page.dart
DA:12,1
DA:14,0
DA:17,0
DA:18,0
DA:19,0
DA:22,0
DA:24,0
DA:25,0
DA:26,0
DA:32,0
DA:33,0
DA:34,0
DA:36,0
DA:37,0
DA:39,0
DA:41,0
DA:44,0
DA:61,0
DA:63,0
DA:65,0
DA:72,0
DA:73,0
DA:75,0
DA:77,0
DA:86,0
DA:87,0
DA:107,0
DA:112,0
DA:113,0
DA:115,0
DA:116,0
DA:118,0
DA:132,0
DA:133,0
DA:142,0
DA:143,0
DA:144,0
DA:146,0
DA:149,0
DA:156,0
DA:157,0
DA:159,0
DA:161,0
DA:163,0
DA:167,0
DA:169,0
DA:177,0
DA:178,0
DA:179,0
DA:181,0
DA:182,0
DA:184,0
DA:192,0
DA:193,0
DA:195,0
DA:197,0
DA:198,0
DA:200,0
DA:202,0
DA:215,0
DA:217,0
DA:222,0
DA:224,0
DA:225,0
DA:230,0
DA:234,0
DA:236,0
DA:251,0
DA:252,0
DA:254,0
DA:262,0
DA:268,0
DA:269,0
DA:288,0
DA:295,0
DA:297,0
DA:298,0
DA:306,0
DA:309,0
LF:79
LH:1
end_of_record
SF:lib\widgets\cart_item_card.dart
DA:13,0
DA:19,0
DA:22,0
DA:25,0
DA:27,0
DA:28,0
DA:29,0
DA:30,0
DA:36,0
DA:37,0
DA:38,0
DA:44,0
DA:45,0
DA:47,0
DA:49,0
DA:53,0
DA:54,0
DA:59,0
DA:61,0
DA:62,0
DA:64,0
DA:66,0
DA:75,0
DA:76,0
DA:78,0
DA:79,0
DA:81,0
DA:83,0
DA:87,0
DA:88,0
DA:92,0
DA:98,0
DA:100,0
DA:101,0
DA:102,0
DA:111,0
DA:112,0
DA:115,0
DA:116,0
DA:117,0
DA:119,0
DA:120,0
DA:121,0
DA:122,0
DA:124,0
DA:126,0
DA:129,0
DA:139,0
DA:140,0
DA:142,0
DA:144,0
DA:145,0
DA:155,0
DA:156,0
DA:157,0
DA:158,0
DA:160,0
DA:167,0
DA:168,0
DA:169,0
DA:171,0
DA:180,0
DA:181,0
DA:183,0
DA:184,0
DA:186,0
DA:189,0
DA:194,0
DA:196,0
DA:197,0
DA:209,0
DA:212,0
DA:220,0
DA:225,0
DA:228,0
DA:229,0
DA:231,0
DA:233,0
DA:234,0
DA:235,0
DA:239,0
DA:246,0
DA:247,0
DA:248,0
DA:259,0
DA:260,0
DA:262,0
DA:263,0
DA:270,0
DA:271,0
DA:273,0
DA:276,0
DA:287,0
DA:288,0
DA:290,0
DA:293,0
DA:299,0
DA:300,0
DA:302,0
DA:303,0
DA:308,0
DA:309,0
DA:313,0
DA:315,0
DA:316,0
DA:318,0
DA:330,0
DA:331,0
DA:333,0
DA:336,0
DA:340,0
DA:343,0
LF:112
LH:0
end_of_record
